[Mon, 09 Sep 19 05:47:55 +0200][Controller: ->Action: ][DEBUG]{this is a message}
[Mon, 09 Sep 19 05:58:28 +0200][Controller: ->Action: ][DEBUG]{this is a message}

[Thu, 19 Sep 19 18:09:06 +0200][Controller: ->Action: ][DEBUG]{this is a message}
[Thu, 19 Sep 19 18:09:43 +0200][Controller: ->Action: ][DEBUG]{this is a message}
[Thu, 19 Sep 19 18:10:28 +0200][Controller: ->Action: ][DEBUG]{this is a message}
[Wed, 25 Sep 19 18:18:12 +0200][Controller: ->Action: ][DEBUG]{this is a message}
[Wed, 25 Sep 19 18:19:35 +0200][Controller: ->Action: ][DEBUG]{this is a message}
[Wed, 25 Sep 19 18:20:11 +0200][Controller: ->Action: ][DEBUG]{this is a message}
[Wed, 25 Sep 19 18:21:19 +0200][Controller: ->Action: ][DEBUG]{this is a message}
[Wed, 25 Sep 19 18:40:40 +0200][Controller: ->Action: ][DEBUG]{this is a message}
[Wed, 25 Sep 19 21:05:53 +0200][Controller: ->Action: ][DEBUG]{this is a message}
[Wed, 25 Sep 19 21:50:33 +0200][Controller: ->Action: ][DEBUG]{this is a message}
[Wed, 25 Sep 19 22:01:24 +0200][Controller: ->Action: ][DEBUG]{this is a message}
[Wed, 25 Sep 19 22:02:20 +0200][Controller: ->Action: ][DEBUG]{this is a message}
[Wed, 25 Sep 19 22:03:23 +0200][Controller: ->Action: ][DEBUG]{this is a message}
[Wed, 25 Sep 19 22:04:12 +0200][Controller: ->Action: ][DEBUG]{this is a message}
[Wed, 25 Sep 19 22:40:30 +0200][Controller: ->Action: ][DEBUG]{this is a message}
[Wed, 25 Sep 19 22:42:42 +0200][Controller: ->Action: ][DEBUG]{this is a message}
[Wed, 25 Sep 19 22:43:39 +0200][Controller: ->Action: ][DEBUG]{this is a message}
[Wed, 25 Sep 19 22:44:06 +0200][Controller: ->Action: ][DEBUG]{this is a message}
[Wed, 25 Sep 19 22:45:38 +0200][Controller: ->Action: ][DEBUG]{this is a message}
[Wed, 25 Sep 19 22:46:01 +0200][Controller: ->Action: ][DEBUG]{this is a message}
[Wed, 25 Sep 19 22:46:26 +0200][Controller: ->Action: ][DEBUG]{this is a message}
[Wed, 25 Sep 19 22:47:03 +0200][Controller: ->Action: ][DEBUG]{this is a message}
[Wed, 25 Sep 19 22:48:03 +0200][Controller: ->Action: ][DEBUG]{this is a message}
[Wed, 25 Sep 19 22:49:27 +0200][Controller: ->Action: ][DEBUG]{this is a message}
[Wed, 25 Sep 19 22:57:57 +0200][Controller: ->Action: ][DEBUG]{this is a message}
[Wed, 25 Sep 19 22:58:57 +0200][Controller: ->Action: ][DEBUG]{this is a message}
[Wed, 25 Sep 19 22:59:22 +0200][Controller: ->Action: ][DEBUG]{this is a message}
[Wed, 25 Sep 19 23:01:35 +0200][Controller: ->Action: ][DEBUG]{this is a message}
[Wed, 25 Sep 19 23:07:25 +0200][Controller: ->Action: ][DEBUG]{this is a message}
[Wed, 25 Sep 19 23:08:31 +0200][Controller: ->Action: ][DEBUG]{this is a message}
[Wed, 25 Sep 19 23:08:53 +0200][Controller: ->Action: ][DEBUG]{this is a message}
[Wed, 25 Sep 19 23:09:20 +0200][Controller: ->Action: ][DEBUG]{this is a message}
[Wed, 25 Sep 19 23:11:52 +0200][Controller: ->Action: ][DEBUG]{this is a message}
[Wed, 25 Sep 19 23:12:10 +0200][Controller: ->Action: ][DEBUG]{this is a message}
[Wed, 25 Sep 19 23:12:45 +0200][Controller: ->Action: ][DEBUG]{this is a message}
[Wed, 25 Sep 19 23:19:38 +0200][Controller: ->Action: ][DEBUG]{this is a message}
[Wed, 25 Sep 19 23:20:53 +0200][Controller: ->Action: ][DEBUG]{this is a message}
[Wed, 25 Sep 19 23:22:35 +0200][Controller: ->Action: ][DEBUG]{this is a message}
[Wed, 25 Sep 19 23:22:57 +0200][Controller: ->Action: ][DEBUG]{this is a message}
[Wed, 25 Sep 19 23:25:06 +0200][Controller: ->Action: ][DEBUG]{this is a message}
[Wed, 25 Sep 19 23:25:24 +0200][Controller: ->Action: ][DEBUG]{this is a message}
[Wed, 25 Sep 19 23:26:33 +0200][Controller: ->Action: ][DEBUG]{this is a message}
[Wed, 25 Sep 19 23:29:31 +0200][Controller: ->Action: ][DEBUG]{this is a message}
[Wed, 25 Sep 19 23:30:09 +0200][Controller: ->Action: ][DEBUG]{this is a message}
[Wed, 25 Sep 19 23:30:29 +0200][Controller: ->Action: ][DEBUG]{this is a message}
[Wed, 25 Sep 19 23:31:13 +0200][Controller: ->Action: ][DEBUG]{this is a message}
[Wed, 25 Sep 19 23:33:16 +0200][Controller: ->Action: ][DEBUG]{this is a message}
[Wed, 25 Sep 19 23:37:18 +0200][Controller: ->Action: ][DEBUG]{this is a message}
[Wed, 25 Sep 19 23:38:08 +0200][Controller: ->Action: ][DEBUG]{this is a message}
[Wed, 25 Sep 19 23:42:41 +0200][Controller: ->Action: ][DEBUG]{this is a message}
[Wed, 25 Sep 19 23:47:32 +0200][Controller: ->Action: ][DEBUG]{this is a message}
[Wed, 25 Sep 19 23:48:05 +0200][Controller: ->Action: ][DEBUG]{this is a message}
[Wed, 25 Sep 19 23:50:00 +0200][Controller: ->Action: ][DEBUG]{this is a message}
[Wed, 25 Sep 19 23:52:12 +0200][Controller: ->Action: ][DEBUG]{this is a message}
[Wed, 25 Sep 19 23:52:15 +0200][Controller: ->Action: ][DEBUG]{this is a message}
[Wed, 25 Sep 19 23:52:17 +0200][Controller: ->Action: ][DEBUG]{this is a message}
[Sat, 28 Sep 19 11:06:27 +0200][Controller: ->Action: ][DEBUG]{this is a message}
[Sat, 28 Sep 19 11:06:30 +0200][Controller: ->Action: ][DEBUG]{this is a message}
[Sat, 28 Sep 19 11:06:31 +0200][Controller: ->Action: ][DEBUG]{this is a message}
[Sat, 28 Sep 19 11:07:03 +0200][Controller: ->Action: ][DEBUG]{this is a message}
[Sat, 28 Sep 19 11:07:06 +0200][Controller: ->Action: ][DEBUG]{this is a message}
[Sat, 28 Sep 19 11:07:07 +0200][Controller: ->Action: ][DEBUG]{this is a message}
[Sat, 28 Sep 19 11:08:36 +0200][Controller: ->Action: ][DEBUG]{this is a message}
[Sat, 28 Sep 19 11:08:39 +0200][Controller: ->Action: ][DEBUG]{this is a message}
[Sat, 28 Sep 19 11:08:41 +0200][Controller: ->Action: ][DEBUG]{this is a message}
[Sat, 28 Sep 19 11:08:57 +0200][Controller: ->Action: ][DEBUG]{this is a message}
[Sat, 28 Sep 19 11:09:00 +0200][Controller: ->Action: ][DEBUG]{this is a message}
[Sat, 28 Sep 19 11:09:02 +0200][Controller: ->Action: ][DEBUG]{this is a message}
[Sat, 28 Sep 19 11:10:01 +0200][Controller: ->Action: ][DEBUG]{this is a message}
[Sat, 28 Sep 19 11:10:04 +0200][Controller: ->Action: ][DEBUG]{this is a message}
[Sat, 28 Sep 19 11:10:05 +0200][Controller: ->Action: ][DEBUG]{this is a message}
[Sat, 28 Sep 19 11:50:31 +0200][Controller: ->Action: ][DEBUG]{this is a message}
[Sat, 28 Sep 19 11:50:35 +0200][Controller: ->Action: ][DEBUG]{this is a message}
[Sat, 28 Sep 19 11:50:37 +0200][Controller: ->Action: ][DEBUG]{this is a message}
[Sat, 28 Sep 19 12:08:50 +0200][Controller: ->Action: ][DEBUG]{this is a message}
[Sat, 28 Sep 19 12:08:52 +0200][Controller: ->Action: ][DEBUG]{this is a message}
[Sat, 28 Sep 19 12:08:56 +0200][Controller: ->Action: ][DEBUG]{this is a message}
[Sat, 28 Sep 19 12:08:58 +0200][Controller: ->Action: ][DEBUG]{this is a message}
[Sat, 28 Sep 19 12:09:00 +0200][Controller: ->Action: ][DEBUG]{this is a message}
[Sat, 28 Sep 19 12:09:11 +0200][Controller: ->Action: ][DEBUG]{this is a message}
[Sat, 28 Sep 19 12:09:15 +0200][Controller: ->Action: ][DEBUG]{this is a message}
[Sat, 28 Sep 19 12:09:17 +0200][Controller: ->Action: ][DEBUG]{this is a message}
[Sat, 28 Sep 19 12:09:30 +0200][Controller: ->Action: ][DEBUG]{this is a message}
[Sat, 28 Sep 19 12:09:32 +0200][Controller: ->Action: ][DEBUG]{this is a message}
[Sat, 28 Sep 19 12:09:34 +0200][Controller: ->Action: ][DEBUG]{this is a message}
[Sat, 28 Sep 19 12:11:15 +0200][Controller: ->Action: ][DEBUG]{this is a message}
[Sat, 28 Sep 19 12:11:17 +0200][Controller: ->Action: ][DEBUG]{this is a message}
[Sat, 28 Sep 19 12:11:19 +0200][Controller: ->Action: ][DEBUG]{this is a message}
[Sat, 28 Sep 19 13:00:53 +0200][Controller: ->Action: ][DEBUG]{this is a message}
[Sat, 28 Sep 19 13:00:56 +0200][Controller: ->Action: ][DEBUG]{this is a message}
[Sat, 28 Sep 19 13:00:58 +0200][Controller: ->Action: ][DEBUG]{this is a message}
[Sun, 29 Sep 19 14:10:31 +0200][Controller: ->Action: ][DEBUG]{this is a message}
[Sun, 29 Sep 19 14:10:34 +0200][Controller: ->Action: ][DEBUG]{this is a message}
[Sun, 29 Sep 19 14:10:35 +0200][Controller: ->Action: ][DEBUG]{this is a message}
[Sun, 29 Sep 19 18:18:23 +0200][Controller: ->Action: ][DEBUG]{this is a message}
[Sun, 29 Sep 19 18:23:21 +0200][Controller: ->Action: ][DEBUG]{this is a message}
[Sun, 29 Sep 19 18:29:23 +0200][Controller: ->Action: ][DEBUG]{this is a message}
[Sun, 29 Sep 19 18:35:31 +0200][Controller: ->Action: ][DEBUG]{this is a message}
[Mon, 30 Sep 19 05:22:14 +0200][Controller: ->Action: ][DEBUG]{this is a message}
[Mon, 30 Sep 19 05:22:19 +0200][Controller: ->Action: ][DEBUG]{this is a message}
[Mon, 30 Sep 19 05:22:21 +0200][Controller: ->Action: ][DEBUG]{this is a message}
[Mon, 30 Sep 19 11:38:21 +0200][Controller: ->Action: ][DEBUG]{this is a message}
[Mon, 30 Sep 19 11:38:24 +0200][Controller: ->Action: ][DEBUG]{this is a message}
[Mon, 30 Sep 19 11:38:26 +0200][Controller: ->Action: ][DEBUG]{this is a message}
[Mon, 30 Sep 19 11:58:57 +0200][Controller: ->Action: ][DEBUG]{this is a message}
[Mon, 30 Sep 19 12:04:30 +0200][Controller: ->Action: ][DEBUG]{this is a message}
[Mon, 30 Sep 19 12:06:12 +0200][Controller: ->Action: ][DEBUG]{this is a message}
[Mon, 30 Sep 19 12:08:10 +0200][Controller: ->Action: ][DEBUG]{this is a message}
[Mon, 30 Sep 19 12:12:17 +0200][Controller: ->Action: ][DEBUG]{this is a message}
[Mon, 30 Sep 19 12:15:28 +0200][Controller: ->Action: ][DEBUG]{this is a message}
[Mon, 30 Sep 19 12:16:10 +0200][Controller: ->Action: ][DEBUG]{this is a message}
[Mon, 30 Sep 19 12:37:57 +0200][Controller: ->Action: ][DEBUG]{this is a message}
[Mon, 30 Sep 19 12:39:40 +0200][Controller: ->Action: ][DEBUG]{this is a message}
[Mon, 30 Sep 19 12:40:32 +0200][Controller: ->Action: ][DEBUG]{this is a message}
[Mon, 30 Sep 19 12:41:23 +0200][Controller: ->Action: ][DEBUG]{this is a message}
[Mon, 30 Sep 19 12:54:06 +0200][Controller: ->Action: ][DEBUG]{this is a message}
[Mon, 30 Sep 19 12:55:24 +0200][Controller: ->Action: ][DEBUG]{this is a message}
[Mon, 30 Sep 19 12:59:49 +0200][Controller: ->Action: ][DEBUG]{this is a message}
[Mon, 30 Sep 19 13:01:56 +0200][Controller: ->Action: ][DEBUG]{this is a message}
[Mon, 30 Sep 19 13:02:43 +0200][Controller: ->Action: ][DEBUG]{this is a message}
[Mon, 30 Sep 19 13:02:55 +0200][Controller: ->Action: ][DEBUG]{this is a message}
[Mon, 30 Sep 19 13:03:55 +0200][Controller: ->Action: ][DEBUG]{this is a message}
[Mon, 30 Sep 19 13:10:18 +0200][Controller: ->Action: ][DEBUG]{this is a message}
[Mon, 30 Sep 19 13:11:14 +0200][Controller: ->Action: ][DEBUG]{this is a message}
[Mon, 30 Sep 19 13:11:42 +0200][Controller: ->Action: ][DEBUG]{this is a message}
[Mon, 30 Sep 19 13:11:57 +0200][Controller: ->Action: ][DEBUG]{this is a message}
[Mon, 30 Sep 19 13:46:28 +0200][Controller: ->Action: ][DEBUG]{this is a message}
[Mon, 30 Sep 19 14:02:25 +0200][Controller: ->Action: ][DEBUG]{this is a message}
[Mon, 30 Sep 19 14:02:49 +0200][Controller: ->Action: ][DEBUG]{this is a message}
[Mon, 30 Sep 19 14:04:35 +0200][Controller: ->Action: ][DEBUG]{this is a message}
[Mon, 30 Sep 19 14:05:00 +0200][Controller: ->Action: ][DEBUG]{this is a message}
[Mon, 30 Sep 19 14:35:29 +0200][Controller: ->Action: ][DEBUG]{this is a message}
[Mon, 30 Sep 19 15:03:23 +0200][Controller: ->Action: ][DEBUG]{this is a message}
[Mon, 30 Sep 19 15:06:01 +0200][Controller: ->Action: ][DEBUG]{this is a message}
[Mon, 30 Sep 19 15:08:32 +0200][Controller: ->Action: ][DEBUG]{this is a message}
[Mon, 30 Sep 19 15:12:51 +0200][Controller: ->Action: ][DEBUG]{this is a message}
[Mon, 30 Sep 19 15:13:47 +0200][Controller: ->Action: ][DEBUG]{this is a message}
[Mon, 30 Sep 19 16:01:16 +0200][Controller: ->Action: ][DEBUG]{this is a message}
[Mon, 30 Sep 19 16:03:19 +0200][Controller: ->Action: ][DEBUG]{this is a message}
[Mon, 30 Sep 19 16:03:42 +0200][Controller: ->Action: ][DEBUG]{this is a message}
[Mon, 30 Sep 19 16:04:31 +0200][Controller: ->Action: ][DEBUG]{this is a message}
[Mon, 30 Sep 19 16:07:34 +0200][Controller: ->Action: ][DEBUG]{this is a message}
[Mon, 30 Sep 19 16:15:24 +0200][Controller: ->Action: ][DEBUG]{this is a message}
[Mon, 30 Sep 19 16:16:59 +0200][Controller: ->Action: ][DEBUG]{this is a message}
[Mon, 30 Sep 19 16:17:30 +0200][Controller: ->Action: ][DEBUG]{this is a message}
[Mon, 30 Sep 19 16:17:55 +0200][Controller: ->Action: ][DEBUG]{this is a message}
[Mon, 30 Sep 19 16:18:39 +0200][Controller: ->Action: ][DEBUG]{this is a message}
[Mon, 30 Sep 19 16:21:46 +0200][Controller: ->Action: ][DEBUG]{this is a message}
[Mon, 30 Sep 19 16:22:46 +0200][Controller: ->Action: ][DEBUG]{this is a message}
[Mon, 30 Sep 19 16:29:38 +0200][Controller: ->Action: ][DEBUG]{this is a message}
[Mon, 30 Sep 19 16:30:14 +0200][Controller: ->Action: ][DEBUG]{this is a message}
[Mon, 30 Sep 19 16:31:48 +0200][Controller: ->Action: ][DEBUG]{this is a message}
[Mon, 30 Sep 19 16:32:47 +0200][Controller: ->Action: ][DEBUG]{this is a message}
[Mon, 30 Sep 19 16:33:06 +0200][Controller: ->Action: ][DEBUG]{this is a message}
[Mon, 30 Sep 19 16:33:57 +0200][Controller: ->Action: ][DEBUG]{this is a message}
[Mon, 30 Sep 19 16:34:13 +0200][Controller: ->Action: ][DEBUG]{this is a message}
[Mon, 30 Sep 19 16:55:39 +0200][Controller: ->Action: ][DEBUG]{this is a message}
[Mon, 30 Sep 19 16:55:42 +0200][Controller: ->Action: ][DEBUG]{this is a message}
[Mon, 30 Sep 19 16:55:44 +0200][Controller: ->Action: ][DEBUG]{this is a message}
[Mon, 30 Sep 19 16:57:02 +0200][Controller: ->Action: ][DEBUG]{this is a message}
[Mon, 30 Sep 19 17:03:52 +0200][Controller: ->Action: ][DEBUG]{this is a message}
[Mon, 30 Sep 19 17:06:20 +0200][Controller: ->Action: ][DEBUG]{this is a message}
[Mon, 30 Sep 19 17:10:41 +0200][Controller: ->Action: ][DEBUG]{this is a message}
[Mon, 30 Sep 19 17:10:53 +0200][Controller: ->Action: ][DEBUG]{this is a message}
[Mon, 30 Sep 19 17:11:12 +0200][Controller: ->Action: ][DEBUG]{this is a message}
[Mon, 30 Sep 19 17:12:58 +0200][Controller: ->Action: ][DEBUG]{this is a message}
[Mon, 30 Sep 19 17:13:24 +0200][Controller: ->Action: ][DEBUG]{this is a message}
[Mon, 30 Sep 19 17:14:07 +0200][Controller: ->Action: ][DEBUG]{this is a message}
[Mon, 30 Sep 19 17:14:29 +0200][Controller: ->Action: ][DEBUG]{this is a message}
[Mon, 30 Sep 19 17:15:32 +0200][Controller: ->Action: ][DEBUG]{this is a message}
[Mon, 30 Sep 19 17:19:30 +0200][Controller: ->Action: ][DEBUG]{this is a message}
[Mon, 30 Sep 19 17:27:01 +0200][Controller: ->Action: ][DEBUG]{this is a message}
[Mon, 30 Sep 19 17:27:23 +0200][Controller: ->Action: ][DEBUG]{this is a message}
[Mon, 30 Sep 19 17:30:32 +0200][Controller: ->Action: ][DEBUG]{this is a message}
[Mon, 30 Sep 19 17:37:46 +0200][Controller: ->Action: ][DEBUG]{this is a message}
[Mon, 30 Sep 19 17:40:57 +0200][Controller: ->Action: ][DEBUG]{this is a message}
[Mon, 30 Sep 19 17:41:23 +0200][Controller: ->Action: ][DEBUG]{this is a message}
[Mon, 30 Sep 19 17:42:06 +0200][Controller: ->Action: ][DEBUG]{this is a message}
[Mon, 30 Sep 19 17:47:00 +0200][Controller: ->Action: ][DEBUG]{this is a message}
[Mon, 30 Sep 19 17:51:03 +0200][Controller: ->Action: ][DEBUG]{this is a message}
[Mon, 30 Sep 19 17:52:01 +0200][Controller: ->Action: ][DEBUG]{this is a message}
[Mon, 30 Sep 19 17:54:02 +0200][Controller: ->Action: ][DEBUG]{this is a message}
[Mon, 30 Sep 19 17:54:50 +0200][Controller: ->Action: ][DEBUG]{this is a message}
[Mon, 30 Sep 19 17:54:59 +0200][Controller: ->Action: ][DEBUG]{this is a message}
[Mon, 30 Sep 19 17:55:36 +0200][Controller: ->Action: ][DEBUG]{this is a message}
[Mon, 30 Sep 19 18:05:37 +0200][Controller: ->Action: ][DEBUG]{this is a message}
[Mon, 30 Sep 19 18:05:45 +0200][Controller: ->Action: ][DEBUG]{this is a message}
[Tue, 01 Oct 19 10:06:30 +0200][Controller: ->Action: ][DEBUG]{this is a message}
[Tue, 01 Oct 19 10:06:34 +0200][Controller: ->Action: ][DEBUG]{this is a message}
[Tue, 01 Oct 19 10:06:37 +0200][Controller: ->Action: ][DEBUG]{this is a message}
[Tue, 01 Oct 19 11:26:34 +0200][Controller: ->Action: ][DEBUG]{this is a message}
[Tue, 01 Oct 19 12:59:59 +0200][Controller: ->Action: ][DEBUG]{this is a message}
[Tue, 01 Oct 19 13:00:25 +0200][Controller: ->Action: ][DEBUG]{this is a message}
[Tue, 01 Oct 19 13:02:57 +0200][Controller: ->Action: ][DEBUG]{this is a message}
[Tue, 01 Oct 19 13:03:13 +0200][Controller: ->Action: ][DEBUG]{this is a message}
[Tue, 01 Oct 19 13:07:55 +0200][Controller: ->Action: ][DEBUG]{this is a message}
[Tue, 01 Oct 19 13:16:58 +0200][Controller: ->Action: ][DEBUG]{this is a message}
[Tue, 01 Oct 19 13:26:45 +0200][Controller: ->Action: ][DEBUG]{this is a message}
[Tue, 01 Oct 19 13:27:08 +0200][Controller: ->Action: ][DEBUG]{this is a message}
[Tue, 01 Oct 19 13:30:27 +0200][Controller: ->Action: ][DEBUG]{this is a message}
[Tue, 01 Oct 19 13:30:41 +0200][Controller: ->Action: ][DEBUG]{this is a message}
[Tue, 01 Oct 19 13:33:53 +0200][Controller: ->Action: ][DEBUG]{this is a message}
[Tue, 01 Oct 19 13:34:12 +0200][Controller: ->Action: ][DEBUG]{this is a message}
[Tue, 01 Oct 19 13:34:27 +0200][Controller: ->Action: ][DEBUG]{this is a message}
[Tue, 01 Oct 19 13:36:30 +0200][Controller: ->Action: ][DEBUG]{this is a message}
[Tue, 01 Oct 19 13:36:40 +0200][Controller: ->Action: ][DEBUG]{this is a message}
[Tue, 01 Oct 19 13:40:48 +0200][Controller: ->Action: ][DEBUG]{this is a message}
[Tue, 01 Oct 19 13:41:13 +0200][Controller: ->Action: ][DEBUG]{this is a message}
[Tue, 01 Oct 19 13:46:54 +0200][Controller: ->Action: ][DEBUG]{this is a message}
[Tue, 01 Oct 19 13:47:02 +0200][Controller: ->Action: ][DEBUG]{this is a message}
[Tue, 01 Oct 19 16:42:09 +0200][Controller: ->Action: ][DEBUG]{this is a message}
[Tue, 01 Oct 19 16:48:44 +0200][Controller: ->Action: ][DEBUG]{this is a message}
[Tue, 01 Oct 19 16:49:59 +0200][Controller: ->Action: ][DEBUG]{this is a message}
[Tue, 01 Oct 19 16:50:19 +0200][Controller: ->Action: ][DEBUG]{this is a message}
[Tue, 01 Oct 19 16:51:43 +0200][Controller: ->Action: ][DEBUG]{this is a message}
[Tue, 01 Oct 19 17:24:22 +0200][Controller: ->Action: ][DEBUG]{this is a message}
